{
  "RSpec": {
    "coverage": {
      "/Users/kips/Documents/work/moj/defence-solicitor/app/models/user.rb": [
        1,
        null,
        null,
        1,
        null,
        1,
        null,
        30,
        null,
        1,
        1685,
        null,
        null,
        1,
        1482,
        null,
        null,
        1,
        104,
        null,
        null,
        null
      ],
      "/Users/kips/Documents/work/moj/defence-solicitor/app/helpers/application_helper.rb": [
        1,
        null,
        1,
        144,
        72,
        72,
        72,
        null,
        null,
        null,
        null,
        null,
        null,
        1,
        200,
        null,
        null,
        1,
        6,
        null,
        null,
        1,
        133,
        null,
        null,
        1,
        115,
        null,
        null,
        1,
        230,
        115,
        null,
        115,
        null,
        null,
        null
      ],
      "/Users/kips/Documents/work/moj/defence-solicitor/app/helpers/defence_requests_helper.rb": [
        1,
        null,
        1,
        32,
        null,
        null,
        null
      ],
      "/Users/kips/Documents/work/moj/defence-solicitor/app/mailers/mailer.rb": [
        1,
        1,
        null,
        1,
        6,
        6,
        null,
        null,
        null,
        null,
        null,
        null,
        1,
        6,
        6,
        null,
        null,
        null,
        null,
        null,
        null
      ],
      "/Users/kips/Documents/work/moj/defence-solicitor/app/mailers/application_mailer.rb": [
        1,
        1,
        1,
        null
      ],
      "/Users/kips/Documents/work/moj/defence-solicitor/app/models/defence_request.rb": [
        1,
        1,
        null,
        1,
        1,
        null,
        1,
        null,
        1,
        null,
        46,
        null,
        1,
        1,
        1,
        1,
        1,
        1,
        null,
        1,
        1,
        null,
        null,
        1,
        1,
        null,
        null,
        1,
        1,
        null,
        null,
        1,
        1,
        null,
        null,
        null,
        1,
        null,
        1,
        null,
        null,
        null,
        null,
        null,
        null,
        1,
        null,
        1,
        null,
        null,
        null,
        1,
        null,
        1,
        null,
        1,
        null,
        null,
        null,
        null,
        1,
        156,
        null,
        null,
        1,
        156,
        null,
        null,
        1,
        25,
        null,
        null,
        1,
        25,
        null,
        null,
        1,
        25,
        null,
        null,
        1,
        9,
        null,
        null,
        1,
        9,
        null,
        null,
        1,
        2,
        null,
        null,
        1,
        16,
        null,
        null,
        1,
        16,
        null,
        null,
        1,
        null,
        1,
        141,
        null,
        null,
        1,
        8,
        null,
        null,
        1,
        8,
        null,
        null
      ],
      "/Users/kips/Documents/work/moj/defence-solicitor/app/validators/feedback_validator.rb": [
        1,
        1,
        156,
        3,
        null,
        null,
        null
      ],
      "/Users/kips/Documents/work/moj/defence-solicitor/app/policies/defence_request_policy.rb": [
        1,
        1,
        1,
        null,
        1,
        338,
        338,
        null,
        null,
        1,
        338,
        138,
        200,
        155,
        45,
        45,
        null,
        null,
        null,
        null,
        1,
        327,
        null,
        null,
        1,
        12,
        null,
        null,
        1,
        132,
        null,
        null,
        1,
        36,
        null,
        null,
        1,
        116,
        null,
        null,
        1,
        178,
        null,
        null,
        1,
        22,
        null,
        null,
        1,
        16,
        null,
        null,
        1,
        15,
        null,
        null,
        1,
        143,
        null,
        null,
        1,
        62,
        null,
        null,
        1,
        18,
        null,
        null,
        1,
        41,
        null,
        null,
        1,
        41,
        null,
        null,
        1,
        41,
        null,
        null,
        1,
        127,
        null,
        null,
        1,
        124,
        null,
        null,
        1,
        10,
        null,
        null,
        1,
        118,
        null,
        null,
        1,
        118,
        null,
        null,
        1,
        118,
        null,
        null,
        1,
        126,
        null,
        null,
        1,
        35,
        null,
        null,
        1,
        15,
        null,
        null,
        1,
        null,
        1,
        296,
        null,
        null,
        1,
        1347,
        null,
        null,
        1,
        1282,
        null,
        null,
        1,
        59,
        null,
        null,
        1,
        34,
        null,
        null,
        null
      ],
      "/Users/kips/Documents/work/moj/defence-solicitor/app/policies/application_policy.rb": [
        1,
        1,
        null,
        1,
        1582,
        1582,
        null,
        null,
        1,
        0,
        null,
        null,
        1,
        0,
        null,
        null,
        1,
        0,
        null,
        null,
        1,
        0,
        null,
        null,
        1,
        0,
        null,
        null,
        1,
        0,
        null,
        null,
        1,
        0,
        null,
        null,
        1,
        0,
        null,
        null,
        1,
        1,
        null,
        1,
        0,
        0,
        null,
        null,
        1,
        0,
        null,
        null,
        null,
        null
      ],
      "/Users/kips/Documents/work/moj/defence-solicitor/app/services/add_solicitor_time_of_arrival.rb": [
        1,
        1,
        null,
        1,
        2,
        2,
        null,
        null,
        1,
        2,
        null,
        null
      ],
      "/Users/kips/Documents/work/moj/defence-solicitor/app/controllers/application_controller.rb": [
        1,
        null,
        1,
        null,
        1,
        null,
        1,
        24,
        null,
        null,
        null
      ],
      "/Users/kips/Documents/work/moj/defence-solicitor/app/controllers/defence_requests_controller.rb": [
        1,
        null,
        1,
        null,
        180,
        null,
        1,
        106,
        106,
        106,
        null,
        null,
        1,
        8,
        7,
        null,
        null,
        1,
        9,
        9,
        9,
        null,
        null,
        1,
        7,
        7,
        7,
        null,
        null,
        null,
        39,
        7,
        7,
        null,
        null,
        1,
        1,
        1,
        1,
        1,
        null,
        0,
        null,
        null,
        null,
        1,
        null,
        null,
        1,
        13,
        7,
        null,
        6,
        6,
        null,
        0,
        null,
        null,
        null,
        null,
        1,
        3,
        3,
        3,
        null,
        3,
        3,
        null,
        null,
        null,
        1,
        3,
        3,
        3,
        3,
        null,
        0,
        null,
        null,
        null,
        1,
        6,
        3,
        null,
        3,
        null,
        null,
        null,
        1,
        null,
        null,
        1,
        1,
        1,
        1,
        null,
        0,
        null,
        null,
        null,
        1,
        2,
        2,
        null,
        0,
        null,
        null,
        null,
        1,
        1,
        1,
        null,
        0,
        null,
        null,
        null,
        1,
        null,
        1,
        3,
        null,
        null,
        1,
        13,
        null,
        null,
        1,
        null,
        null,
        2,
        null,
        2,
        null,
        3,
        7,
        null,
        null,
        1,
        7,
        null,
        null,
        1,
        5,
        null,
        null,
        1,
        45,
        null,
        null,
        1,
        62,
        null,
        null,
        1,
        179,
        null,
        null,
        1,
        6,
        null,
        null,
        1,
        29,
        null,
        null,
        null,
        null,
        null,
        null,
        null,
        null,
        null,
        null,
        null,
        null,
        null,
        null,
        null,
        null,
        null,
        null,
        null,
        null,
        null,
        null,
        null,
        null,
        29,
        29,
        29,
        29,
        null,
        29,
        29,
        29,
        29,
        22,
        null,
        null,
        29,
        29,
        29,
        null,
        29,
        29,
        29,
        1,
        null,
        null,
        29,
        29,
        29,
        21,
        null,
        null,
        null,
        29,
        29,
        2,
        null,
        null,
        null,
        null,
        null,
        1,
        6,
        null,
        null,
        1,
        3,
        null,
        null,
        null
      ],
      "/Users/kips/Documents/work/moj/defence-solicitor/app/controllers/base_controller.rb": [
        1,
        1,
        null,
        1,
        null,
        1,
        null,
        1,
        1,
        0,
        null,
        null
      ]
    },
    "timestamp": 1424950777
  }
}
